<?xml version="1.0" encoding="UTF-8"?>
<!-- Generated by org.testng.reporters.JUnitReportReporter -->
<testsuite hostname="DESKTOP-PPA57A5" failures="0" tests="1" name="ChromeTwo.ExtentTwo" time="0.335" errors="0" timestamp="2021-12-16T16:41:46 IST" skipped="0">
  <testcase classname="ChromeTwo.ExtentTwo" name="logintest" time="0.335"/>
  <system-out/>
</testsuite> <!-- ChromeTwo.ExtentTwo -->
