<?xml version="1.0" encoding="UTF-8"?>
<!-- Generated by org.testng.reporters.JUnitReportReporter -->
<testsuite hostname="DESKTOP-PPA57A5" failures="0" tests="1" name="ChromeTwo.ExtentThree" time="0.460" errors="0" timestamp="2021-12-16T17:41:43 IST" skipped="0">
  <testcase classname="ChromeTwo.ExtentThree" name="logintest" time="0.460"/>
  <system-out/>
</testsuite> <!-- ChromeTwo.ExtentThree -->
