<?xml version="1.0" encoding="UTF-8"?>
<!-- Generated by org.testng.reporters.JUnitReportReporter -->
<testsuite hostname="DESKTOP-PPA57A5" failures="0" tests="1" name="ChromeTwo.ExtentOne" time="0.342" errors="0" timestamp="2021-12-16T16:40:44 IST" skipped="0">
  <testcase classname="ChromeTwo.ExtentOne" name="logintest" time="0.342"/>
  <system-out/>
</testsuite> <!-- ChromeTwo.ExtentOne -->
